{"/home/laboratoria/Área de Trabalho/Laboratoria/library/CPF-Validator/lib/index.js":{"path":"/home/laboratoria/Área de Trabalho/Laboratoria/library/CPF-Validator/lib/index.js","statementMap":{"0":{"start":{"line":2,"column":20},"end":{"line":2,"column":37}},"1":{"start":{"line":3,"column":2},"end":{"line":5,"column":3}},"2":{"start":{"line":4,"column":4},"end":{"line":4,"column":17}},"3":{"start":{"line":6,"column":25},"end":{"line":6,"column":52}},"4":{"start":{"line":7,"column":2},"end":{"line":12,"column":3}},"5":{"start":{"line":8,"column":22},"end":{"line":8,"column":49}},"6":{"start":{"line":9,"column":4},"end":{"line":11,"column":5}},"7":{"start":{"line":10,"column":6},"end":{"line":10,"column":19}},"8":{"start":{"line":13,"column":2},"end":{"line":14,"column":17}},"9":{"start":{"line":18,"column":17},"end":{"line":18,"column":27}},"10":{"start":{"line":19,"column":17},"end":{"line":23,"column":59}},"11":{"start":{"line":22,"column":25},"end":{"line":22,"column":59}},"12":{"start":{"line":23,"column":37},"end":{"line":23,"column":58}},"13":{"start":{"line":24,"column":19},"end":{"line":24,"column":37}},"14":{"start":{"line":25,"column":2},"end":{"line":25,"column":111}},"15":{"start":{"line":26,"column":2},"end":{"line":26,"column":31}},"16":{"start":{"line":29,"column":0},"end":{"line":29,"column":43}}},"fnMap":{"0":{"name":"cpfValidator","decl":{"start":{"line":1,"column":9},"end":{"line":1,"column":21}},"loc":{"start":{"line":1,"column":31},"end":{"line":15,"column":1}},"line":1},"1":{"name":"checkDigit","decl":{"start":{"line":17,"column":9},"end":{"line":17,"column":19}},"loc":{"start":{"line":17,"column":34},"end":{"line":27,"column":1}},"line":17},"2":{"name":"(anonymous_2)","decl":{"start":{"line":22,"column":9},"end":{"line":22,"column":10}},"loc":{"start":{"line":22,"column":25},"end":{"line":22,"column":59}},"line":22},"3":{"name":"(anonymous_3)","decl":{"start":{"line":23,"column":12},"end":{"line":23,"column":13}},"loc":{"start":{"line":23,"column":37},"end":{"line":23,"column":58}},"line":23}},"branchMap":{"0":{"loc":{"start":{"line":3,"column":2},"end":{"line":5,"column":3}},"type":"if","locations":[{"start":{"line":3,"column":2},"end":{"line":5,"column":3}},{"start":{"line":3,"column":2},"end":{"line":5,"column":3}}],"line":3},"1":{"loc":{"start":{"line":9,"column":4},"end":{"line":11,"column":5}},"type":"if","locations":[{"start":{"line":9,"column":4},"end":{"line":11,"column":5}},{"start":{"line":9,"column":4},"end":{"line":11,"column":5}}],"line":9},"2":{"loc":{"start":{"line":13,"column":9},"end":{"line":14,"column":16}},"type":"cond-expr","locations":[{"start":{"line":14,"column":4},"end":{"line":14,"column":8}},{"start":{"line":14,"column":11},"end":{"line":14,"column":16}}],"line":13},"3":{"loc":{"start":{"line":13,"column":9},"end":{"line":13,"column":111}},"type":"binary-expr","locations":[{"start":{"line":13,"column":9},"end":{"line":13,"column":57}},{"start":{"line":13,"column":61},"end":{"line":13,"column":111}}],"line":13},"4":{"loc":{"start":{"line":25,"column":2},"end":{"line":25,"column":110}},"type":"cond-expr","locations":[{"start":{"line":25,"column":83},"end":{"line":25,"column":97}},{"start":{"line":25,"column":100},"end":{"line":25,"column":110}}],"line":25},"5":{"loc":{"start":{"line":25,"column":2},"end":{"line":25,"column":80}},"type":"binary-expr","locations":[{"start":{"line":25,"column":2},"end":{"line":25,"column":19}},{"start":{"line":25,"column":23},"end":{"line":25,"column":40}},{"start":{"line":25,"column":44},"end":{"line":25,"column":60}},{"start":{"line":25,"column":64},"end":{"line":25,"column":80}}],"line":25}},"s":{"0":6,"1":6,"2":3,"3":3,"4":3,"5":19,"6":19,"7":1,"8":2,"9":3,"10":3,"11":28,"12":25,"13":3,"14":3,"15":3,"16":1},"f":{"0":6,"1":3,"2":28,"3":25},"b":{"0":[3,3],"1":[1,18],"2":[1,1],"3":[2,1],"4":[2,1],"5":[3,1,1,1]},"_coverageSchema":"43e27e138ebf9cfc5966b082cf9a028302ed4184","hash":"c54a435e4bb8fb70a6b194f4128218ea566ab030","contentHash":"6a68e0d0ec31933e7aca174950a6f182730633e3c65f498b6a603a34fa812142"}}