{"/home/laboratoria/Área de Trabalho/Laboratoria/library/CPF-Validator/lib/index.js":{"path":"/home/laboratoria/Área de Trabalho/Laboratoria/library/CPF-Validator/lib/index.js","statementMap":{"0":{"start":{"line":2,"column":20},"end":{"line":2,"column":37}},"1":{"start":{"line":3,"column":2},"end":{"line":5,"column":3}},"2":{"start":{"line":4,"column":4},"end":{"line":4,"column":17}},"3":{"start":{"line":6,"column":2},"end":{"line":8,"column":3}},"4":{"start":{"line":6,"column":40},"end":{"line":6,"column":60}},"5":{"start":{"line":7,"column":4},"end":{"line":7,"column":16}},"6":{"start":{"line":9,"column":2},"end":{"line":10,"column":17}},"7":{"start":{"line":14,"column":17},"end":{"line":14,"column":27}},"8":{"start":{"line":15,"column":17},"end":{"line":19,"column":59}},"9":{"start":{"line":18,"column":25},"end":{"line":18,"column":59}},"10":{"start":{"line":19,"column":37},"end":{"line":19,"column":58}},"11":{"start":{"line":20,"column":19},"end":{"line":20,"column":37}},"12":{"start":{"line":21,"column":2},"end":{"line":21,"column":111}},"13":{"start":{"line":22,"column":2},"end":{"line":22,"column":31}},"14":{"start":{"line":25,"column":0},"end":{"line":25,"column":43}}},"fnMap":{"0":{"name":"cpfValidator","decl":{"start":{"line":1,"column":9},"end":{"line":1,"column":21}},"loc":{"start":{"line":1,"column":31},"end":{"line":11,"column":1}},"line":1},"1":{"name":"(anonymous_1)","decl":{"start":{"line":6,"column":31},"end":{"line":6,"column":32}},"loc":{"start":{"line":6,"column":40},"end":{"line":6,"column":60}},"line":6},"2":{"name":"checkDigit","decl":{"start":{"line":13,"column":9},"end":{"line":13,"column":19}},"loc":{"start":{"line":13,"column":34},"end":{"line":23,"column":1}},"line":13},"3":{"name":"(anonymous_3)","decl":{"start":{"line":18,"column":9},"end":{"line":18,"column":10}},"loc":{"start":{"line":18,"column":25},"end":{"line":18,"column":59}},"line":18},"4":{"name":"(anonymous_4)","decl":{"start":{"line":19,"column":12},"end":{"line":19,"column":13}},"loc":{"start":{"line":19,"column":37},"end":{"line":19,"column":58}},"line":19}},"branchMap":{"0":{"loc":{"start":{"line":3,"column":2},"end":{"line":5,"column":3}},"type":"if","locations":[{"start":{"line":3,"column":2},"end":{"line":5,"column":3}},{"start":{"line":3,"column":2},"end":{"line":5,"column":3}}],"line":3},"1":{"loc":{"start":{"line":6,"column":2},"end":{"line":8,"column":3}},"type":"if","locations":[{"start":{"line":6,"column":2},"end":{"line":8,"column":3}},{"start":{"line":6,"column":2},"end":{"line":8,"column":3}}],"line":6},"2":{"loc":{"start":{"line":9,"column":9},"end":{"line":10,"column":16}},"type":"cond-expr","locations":[{"start":{"line":10,"column":4},"end":{"line":10,"column":8}},{"start":{"line":10,"column":11},"end":{"line":10,"column":16}}],"line":9},"3":{"loc":{"start":{"line":9,"column":9},"end":{"line":9,"column":111}},"type":"binary-expr","locations":[{"start":{"line":9,"column":9},"end":{"line":9,"column":57}},{"start":{"line":9,"column":61},"end":{"line":9,"column":111}}],"line":9},"4":{"loc":{"start":{"line":21,"column":2},"end":{"line":21,"column":110}},"type":"cond-expr","locations":[{"start":{"line":21,"column":83},"end":{"line":21,"column":97}},{"start":{"line":21,"column":100},"end":{"line":21,"column":110}}],"line":21},"5":{"loc":{"start":{"line":21,"column":2},"end":{"line":21,"column":80}},"type":"binary-expr","locations":[{"start":{"line":21,"column":2},"end":{"line":21,"column":19}},{"start":{"line":21,"column":23},"end":{"line":21,"column":40}},{"start":{"line":21,"column":44},"end":{"line":21,"column":60}},{"start":{"line":21,"column":64},"end":{"line":21,"column":80}}],"line":21}},"s":{"0":6,"1":6,"2":3,"3":3,"4":15,"5":1,"6":2,"7":3,"8":3,"9":28,"10":25,"11":3,"12":3,"13":3,"14":1},"f":{"0":6,"1":15,"2":3,"3":28,"4":25},"b":{"0":[3,3],"1":[1,2],"2":[1,1],"3":[2,1],"4":[2,1],"5":[3,1,1,1]},"_coverageSchema":"43e27e138ebf9cfc5966b082cf9a028302ed4184","hash":"52e5d1779833e62ea03d25e70c4b843d70dc9516","contentHash":"b78e4493102d91c53b4806a53ca970291b367d979b20f0e17895208e1e72949e"}}